2024-09-11T10:47:59.253Z warn: POST /api/v1/todo/updateTask 400 Bad Request
2024-09-11T11:59:00.118Z warn: POST /api/v1/todo/updateTask 400 Bad Request
2024-09-11T12:00:10.567Z warn: POST /api/v1/todo/updateTask 500 Internal Server Error
2024-09-11T12:03:54.879Z warn: POST /api/v1/todo/updateTask 500 Internal Server Error
2024-09-11T12:08:34.408Z warn: POST /api/v1/todo/updateTask 500 Internal Server Error
2024-09-11T12:12:19.578Z warn: POST /api/v1/todo/updateTask 500 Internal Server Error
2024-09-11T13:20:39.663Z warn: POST /api/v1/todo/updateTask 500 Internal Server Error
2024-09-16T18:45:12.874Z info: OPTIONS /api/v1/users/registerUser 200 OK
2024-09-16T18:49:31.808Z info: OPTIONS /api/v1/users/registerUser 200 OK
2024-09-16T18:51:11.199Z info: OPTIONS /api/v1/users/registerUser 200 OK
2024-09-16T18:51:40.359Z info: OPTIONS /api/v1/users/registerUser 200 OK
2024-09-16T18:53:01.890Z info: OPTIONS /api/v1/users/registerUser 200 OK
2024-09-16T18:58:01.749Z info: OPTIONS /api/v1/users/registerUser 200 OK
2024-09-16T19:01:25.484Z info: POST /api/v1/users/registerUser 201 Created
2024-09-16T19:03:35.296Z info: POST /api/v1/users/registerUser 201 Created
2024-09-16T19:04:57.630Z info: POST /api/v1/users/registerUser 201 Created
2024-09-16T19:07:45.074Z info: POST /api/v1/users/registerUser 201 Created
2024-09-16T19:11:41.120Z info: OPTIONS /api/v1/users/registerUser 200 OK
2024-09-16T19:12:24.451Z info: OPTIONS /api/v1/users/registerUser 200 OK
2024-09-16T19:12:45.543Z info: POST /api/v1/users/registerUser 201 Created
2024-09-16T19:15:23.461Z info: POST /api/v1/users/registerUser 201 Created
2024-09-16T19:18:47.017Z info: POST /api/v1/users/registerUser 201 Created
2024-09-16T19:20:01.809Z info: POST /api/v1/users/registerUser 201 Created
2024-09-16T19:22:08.765Z info: OPTIONS /api/v1/users/registerUser 200 OK
2024-09-16T19:22:51.185Z info: POST /api/v1/users/registerUser 201 Created
2024-09-17T14:47:55.637Z warn: POST /api/v1/todo/createTodo 500 Internal Server Error
2024-09-17T14:49:33.512Z info: POST /api/v1/users/logIn 200 OK
2024-09-17T14:51:39.480Z info: POST /api/v1/users/logIn 200 OK
2024-09-17T14:55:25.709Z warn: POST /api/v1/todo/createTodo 409 Conflict
2024-09-17T14:55:44.316Z info: POST /api/v1/todo/createTodo 201 Created
2024-09-17T14:55:48.256Z warn: POST /api/v1/todo/createTodo 409 Conflict
2024-09-17T14:55:59.826Z info: POST /api/v1/todo/createTodo 201 Created
2024-09-17T15:02:42.494Z info: POST /api/v1/users/logout 200 OK
2024-09-17T15:02:54.105Z warn: POST /api/v1/todo/createTodo 401 Unauthorized
2024-09-17T15:03:06.287Z info: POST /api/v1/users/logIn 200 OK
2024-09-17T15:05:26.963Z warn: POST /api/v1/todo/createTodo 409 Conflict
2024-09-17T15:06:59.838Z info: POST /api/v1/todo/createTodo 201 Created
